# JRE version: Java(TM) SE Runtime Environment (7.0_55-b13) (build 1.7.0_55-b13)
# Java VM: Java HotSpot(TM) 64-Bit Server VM (24.55-b03 mixed mode linux-amd64 compressed oops)
Heap
 par new generation   total 768000K, used 412976K [0x0000000753c00000, 0x0000000787d50000, 0x0000000787d50000)
  eden space 682688K,  58% used [0x0000000753c00000, 0x000000076c4752d0, 0x000000077d6b0000)
  from space 85312K,  13% used [0x0000000782a00000, 0x00000007834d6d60, 0x0000000787d50000)
  to   space 85312K,   0% used [0x000000077d6b0000, 0x000000077d6b0000, 0x0000000782a00000)
 concurrent mark-sweep generation total 1706688K, used 236632K [0x0000000787d50000, 0x00000007f0000000, 0x00000007f0000000)
 concurrent-mark-sweep perm gen total 55120K, used 49280K [0x00000007f0000000, 0x00000007f35d4000, 0x0000000800000000)
GC Heap History (10 events):
Event: 1007.560 GC heap before
{Heap before GC invocations=28 (full 1):
 par new generation   total 768000K, used 702123K [0x0000000753c00000, 0x0000000787d50000, 0x0000000787d50000)
  eden space 682688K, 100% used [0x0000000753c00000, 0x000000077d6b0000, 0x000000077d6b0000)
  from space 85312K,  22% used [0x000000077d6b0000, 0x000000077e9aaee0, 0x0000000782a00000)
  to   space 85312K,   0% used [0x0000000782a00000, 0x0000000782a00000, 0x0000000787d50000)
 concurrent mark-sweep generation total 1706688K, used 235155K [0x0000000787d50000, 0x00000007f0000000, 0x00000007f0000000)
 concurrent-mark-sweep perm gen total 55120K, used 49265K [0x00000007f0000000, 0x00000007f35d4000, 0x0000000800000000)
Event: 1007.575 GC heap after
Heap after GC invocations=29 (full 1):
 par new generation   total 768000K, used 8388K [0x0000000753c00000, 0x0000000787d50000, 0x0000000787d50000)
  eden space 682688K,   0% used [0x0000000753c00000, 0x0000000753c00000, 0x000000077d6b0000)
  from space 85312K,   9% used [0x0000000782a00000, 0x0000000783231298, 0x0000000787d50000)
  to   space 85312K,   0% used [0x000000077d6b0000, 0x000000077d6b0000, 0x0000000782a00000)
 concurrent mark-sweep generation total 1706688K, used 236361K [0x0000000787d50000, 0x00000007f0000000, 0x00000007f0000000)
 concurrent-mark-sweep perm gen total 55120K, used 49265K [0x00000007f0000000, 0x00000007f35d4000, 0x0000000800000000)
}
Event: 1045.746 GC heap before
{Heap before GC invocations=29 (full 1):
 par new generation   total 768000K, used 691076K [0x0000000753c00000, 0x0000000787d50000, 0x0000000787d50000)
  eden space 682688K, 100% used [0x0000000753c00000, 0x000000077d6b0000, 0x000000077d6b0000)
  from space 85312K,   9% used [0x0000000782a00000, 0x0000000783231298, 0x0000000787d50000)
  to   space 85312K,   0% used [0x000000077d6b0000, 0x000000077d6b0000, 0x0000000782a00000)
 concurrent mark-sweep generation total 1706688K, used 236361K [0x0000000787d50000, 0x00000007f0000000, 0x00000007f0000000)
 concurrent-mark-sweep perm gen total 55120K, used 49268K [0x00000007f0000000, 0x00000007f35d4000, 0x0000000800000000)
Event: 1045.777 GC heap after
Heap after GC invocations=30 (full 1):
 par new generation   total 768000K, used 5823K [0x0000000753c00000, 0x0000000787d50000, 0x0000000787d50000)
  eden space 682688K,   0% used [0x0000000753c00000, 0x0000000753c00000, 0x000000077d6b0000)
  from space 85312K,   6% used [0x000000077d6b0000, 0x000000077dc5fcf8, 0x0000000782a00000)
  to   space 85312K,   0% used [0x0000000782a00000, 0x0000000782a00000, 0x0000000787d50000)
 concurrent mark-sweep generation total 1706688K, used 236402K [0x0000000787d50000, 0x00000007f0000000, 0x00000007f0000000)
 concurrent-mark-sweep perm gen total 55120K, used 49268K [0x00000007f0000000, 0x00000007f35d4000, 0x0000000800000000)
}
Event: 1087.608 GC heap before
{Heap before GC invocations=30 (full 1):
 par new generation   total 768000K, used 688511K [0x0000000753c00000, 0x0000000787d50000, 0x0000000787d50000)
  eden space 682688K, 100% used [0x0000000753c00000, 0x000000077d6b0000, 0x000000077d6b0000)
  from space 85312K,   6% used [0x000000077d6b0000, 0x000000077dc5fcf8, 0x0000000782a00000)
  to   space 85312K,   0% used [0x0000000782a00000, 0x0000000782a00000, 0x0000000787d50000)
 concurrent mark-sweep generation total 1706688K, used 236402K [0x0000000787d50000, 0x00000007f0000000, 0x00000007f0000000)
 concurrent-mark-sweep perm gen total 55120K, used 49270K [0x00000007f0000000, 0x00000007f35d4000, 0x0000000800000000)
Event: 1087.636 GC heap after
Heap after GC invocations=31 (full 1):
 par new generation   total 768000K, used 5580K [0x0000000753c00000, 0x0000000787d50000, 0x0000000787d50000)
  eden space 682688K,   0% used [0x0000000753c00000, 0x0000000753c00000, 0x000000077d6b0000)
  from space 85312K,   6% used [0x0000000782a00000, 0x0000000782f73020, 0x0000000787d50000)
  to   space 85312K,   0% used [0x000000077d6b0000, 0x000000077d6b0000, 0x0000000782a00000)
 concurrent mark-sweep generation total 1706688K, used 236437K [0x0000000787d50000, 0x00000007f0000000, 0x00000007f0000000)
 concurrent-mark-sweep perm gen total 55120K, used 49270K [0x00000007f0000000, 0x00000007f35d4000, 0x0000000800000000)
}
Event: 1130.319 GC heap before
{Heap before GC invocations=31 (full 1):
 par new generation   total 768000K, used 688268K [0x0000000753c00000, 0x0000000787d50000, 0x0000000787d50000)
  eden space 682688K, 100% used [0x0000000753c00000, 0x000000077d6b0000, 0x000000077d6b0000)
  from space 85312K,   6% used [0x0000000782a00000, 0x0000000782f73020, 0x0000000787d50000)
  to   space 85312K,   0% used [0x000000077d6b0000, 0x000000077d6b0000, 0x0000000782a00000)
 concurrent mark-sweep generation total 1706688K, used 236437K [0x0000000787d50000, 0x00000007f0000000, 0x00000007f0000000)
 concurrent-mark-sweep perm gen total 55120K, used 49273K [0x00000007f0000000, 0x00000007f35d4000, 0x0000000800000000)
Event: 1130.344 GC heap after
Heap after GC invocations=32 (full 1):
 par new generation   total 768000K, used 5660K [0x0000000753c00000, 0x0000000787d50000, 0x0000000787d50000)
  eden space 682688K,   0% used [0x0000000753c00000, 0x0000000753c00000, 0x000000077d6b0000)
  from space 85312K,   6% used [0x000000077d6b0000, 0x000000077dc37220, 0x0000000782a00000)
  to   space 85312K,   0% used [0x0000000782a00000, 0x0000000782a00000, 0x0000000787d50000)
 concurrent mark-sweep generation total 1706688K, used 236475K [0x0000000787d50000, 0x00000007f0000000, 0x00000007f0000000)
 concurrent-mark-sweep perm gen total 55120K, used 49273K [0x00000007f0000000, 0x00000007f35d4000, 0x0000000800000000)
}
Event: 1169.905 GC heap before
{Heap before GC invocations=32 (full 1):
 par new generation   total 768000K, used 688348K [0x0000000753c00000, 0x0000000787d50000, 0x0000000787d50000)
  eden space 682688K, 100% used [0x0000000753c00000, 0x000000077d6b0000, 0x000000077d6b0000)
  from space 85312K,   6% used [0x000000077d6b0000, 0x000000077dc37220, 0x0000000782a00000)
  to   space 85312K,   0% used [0x0000000782a00000, 0x0000000782a00000, 0x0000000787d50000)
 concurrent mark-sweep generation total 1706688K, used 236475K [0x0000000787d50000, 0x00000007f0000000, 0x00000007f0000000)
 concurrent-mark-sweep perm gen total 55120K, used 49274K [0x00000007f0000000, 0x00000007f35d4000, 0x0000000800000000)
Event: 1169.914 GC heap after
Heap after GC invocations=33 (full 1):
 par new generation   total 768000K, used 11099K [0x0000000753c00000, 0x0000000787d50000, 0x0000000787d50000)
  eden space 682688K,   0% used [0x0000000753c00000, 0x0000000753c00000, 0x000000077d6b0000)
  from space 85312K,  13% used [0x0000000782a00000, 0x00000007834d6d60, 0x0000000787d50000)
  to   space 85312K,   0% used [0x000000077d6b0000, 0x000000077d6b0000, 0x0000000782a00000)
 concurrent mark-sweep generation total 1706688K, used 236632K [0x0000000787d50000, 0x00000007f0000000, 0x00000007f0000000)
 concurrent-mark-sweep perm gen total 55120K, used 49274K [0x00000007f0000000, 0x00000007f35d4000, 0x0000000800000000)
}

