# JRE version: Java(TM) SE Runtime Environment (7.0_72-b14) (build 1.7.0_72-b14)
# Java VM: Java HotSpot(TM) 64-Bit Server VM (24.72-b04 mixed mode linux-amd64 compressed oops)
Heap
 PSYoungGen      total 93184K, used 14855K [0x00000007aaa80000, 0x00000007b0e80000, 0x0000000800000000)
  eden space 83456K, 16% used [0x00000007aaa80000,0x00000007ab7a1e40,0x00000007afc00000)
  from space 9728K, 14% used [0x00000007b0500000,0x00000007b0660000,0x00000007b0e80000)
  to   space 9216K, 0% used [0x00000007afc00000,0x00000007afc00000,0x00000007b0500000)
 ParOldGen       total 314880K, used 280103K [0x0000000700000000, 0x0000000713380000, 0x00000007aaa80000)
  object space 314880K, 88% used [0x0000000700000000,0x0000000711189cd0,0x0000000713380000)
 PSPermGen       total 57856K, used 57686K [0x00000006fae00000, 0x00000006fe680000, 0x0000000700000000)
  object space 57856K, 99% used [0x00000006fae00000,0x00000006fe655a50,0x00000006fe680000)
GC Heap History (10 events):
Event: 16482.991 GC heap before
{Heap before GC invocations=2752 (full 48):
 PSYoungGen      total 90624K, used 79968K [0x00000007aaa80000, 0x00000007b0e80000, 0x0000000800000000)
  eden space 78848K, 100% used [0x00000007aaa80000,0x00000007af780000,0x00000007af780000)
  from space 11776K, 9% used [0x00000007af780000,0x00000007af898000,0x00000007b0300000)
  to   space 11264K, 0% used [0x00000007b0380000,0x00000007b0380000,0x00000007b0e80000)
 ParOldGen       total 314880K, used 279863K [0x0000000700000000, 0x0000000713380000, 0x00000007aaa80000)
  object space 314880K, 88% used [0x0000000700000000,0x000000071114dcd0,0x0000000713380000)
 PSPermGen       total 57856K, used 57679K [0x00000006fae00000, 0x00000006fe680000, 0x0000000700000000)
  object space 57856K, 99% used [0x00000006fae00000,0x00000006fe653d40,0x00000006fe680000)
Event: 16482.993 GC heap after
Heap after GC invocations=2752 (full 48):
 PSYoungGen      total 91648K, used 1088K [0x00000007aaa80000, 0x00000007b0e80000, 0x0000000800000000)
  eden space 80384K, 0% used [0x00000007aaa80000,0x00000007aaa80000,0x00000007af900000)
  from space 11264K, 9% used [0x00000007b0380000,0x00000007b0490000,0x00000007b0e80000)
  to   space 10752K, 0% used [0x00000007af900000,0x00000007af900000,0x00000007b0380000)
 ParOldGen       total 314880K, used 279919K [0x0000000700000000, 0x0000000713380000, 0x00000007aaa80000)
  object space 314880K, 88% used [0x0000000700000000,0x000000071115bcd0,0x0000000713380000)
 PSPermGen       total 57856K, used 57679K [0x00000006fae00000, 0x00000006fe680000, 0x0000000700000000)
  object space 57856K, 99% used [0x00000006fae00000,0x00000006fe653d40,0x00000006fe680000)
}
Event: 16490.041 GC heap before
{Heap before GC invocations=2753 (full 48):
 PSYoungGen      total 91648K, used 81472K [0x00000007aaa80000, 0x00000007b0e80000, 0x0000000800000000)
  eden space 80384K, 100% used [0x00000007aaa80000,0x00000007af900000,0x00000007af900000)
  from space 11264K, 9% used [0x00000007b0380000,0x00000007b0490000,0x00000007b0e80000)
  to   space 10752K, 0% used [0x00000007af900000,0x00000007af900000,0x00000007b0380000)
 ParOldGen       total 314880K, used 279919K [0x0000000700000000, 0x0000000713380000, 0x00000007aaa80000)
  object space 314880K, 88% used [0x0000000700000000,0x000000071115bcd0,0x0000000713380000)
 PSPermGen       total 57856K, used 57686K [0x00000006fae00000, 0x00000006fe680000, 0x0000000700000000)
  object space 57856K, 99% used [0x00000006fae00000,0x00000006fe655a50,0x00000006fe680000)
Event: 16490.044 GC heap after
Heap after GC invocations=2753 (full 48):
 PSYoungGen      total 91136K, used 1312K [0x00000007aaa80000, 0x00000007b0e80000, 0x0000000800000000)
  eden space 80384K, 0% used [0x00000007aaa80000,0x00000007aaa80000,0x00000007af900000)
  from space 10752K, 12% used [0x00000007af900000,0x00000007afa48000,0x00000007b0380000)
  to   space 10240K, 0% used [0x00000007b0480000,0x00000007b0480000,0x00000007b0e80000)
 ParOldGen       total 314880K, used 280023K [0x0000000700000000, 0x0000000713380000, 0x00000007aaa80000)
  object space 314880K, 88% used [0x0000000700000000,0x0000000711175cd0,0x0000000713380000)
 PSPermGen       total 57856K, used 57686K [0x00000006fae00000, 0x00000006fe680000, 0x0000000700000000)
  object space 57856K, 99% used [0x00000006fae00000,0x00000006fe655a50,0x00000006fe680000)
}
Event: 16497.493 GC heap before
{Heap before GC invocations=2754 (full 48):
 PSYoungGen      total 91136K, used 81696K [0x00000007aaa80000, 0x00000007b0e80000, 0x0000000800000000)
  eden space 80384K, 100% used [0x00000007aaa80000,0x00000007af900000,0x00000007af900000)
  from space 10752K, 12% used [0x00000007af900000,0x00000007afa48000,0x00000007b0380000)
  to   space 10240K, 0% used [0x00000007b0480000,0x00000007b0480000,0x00000007b0e80000)
 ParOldGen       total 314880K, used 280023K [0x0000000700000000, 0x0000000713380000, 0x00000007aaa80000)
  object space 314880K, 88% used [0x0000000700000000,0x0000000711175cd0,0x0000000713380000)
 PSPermGen       total 57856K, used 57686K [0x00000006fae00000, 0x00000006fe680000, 0x0000000700000000)
  object space 57856K, 99% used [0x00000006fae00000,0x00000006fe655a50,0x00000006fe680000)
Event: 16497.496 GC heap after
Heap after GC invocations=2754 (full 48):
 PSYoungGen      total 92160K, used 1472K [0x00000007aaa80000, 0x00000007b0e80000, 0x0000000800000000)
  eden space 81920K, 0% used [0x00000007aaa80000,0x00000007aaa80000,0x00000007afa80000)
  from space 10240K, 14% used [0x00000007b0480000,0x00000007b05f0000,0x00000007b0e80000)
  to   space 10240K, 0% used [0x00000007afa80000,0x00000007afa80000,0x00000007b0480000)
 ParOldGen       total 314880K, used 280023K [0x0000000700000000, 0x0000000713380000, 0x00000007aaa80000)
  object space 314880K, 88% used [0x0000000700000000,0x0000000711175cd0,0x0000000713380000)
 PSPermGen       total 57856K, used 57686K [0x00000006fae00000, 0x00000006fe680000, 0x0000000700000000)
  object space 57856K, 99% used [0x00000006fae00000,0x00000006fe655a50,0x00000006fe680000)
}
Event: 16505.233 GC heap before
{Heap before GC invocations=2755 (full 48):
 PSYoungGen      total 92160K, used 83392K [0x00000007aaa80000, 0x00000007b0e80000, 0x0000000800000000)
  eden space 81920K, 100% used [0x00000007aaa80000,0x00000007afa80000,0x00000007afa80000)
  from space 10240K, 14% used [0x00000007b0480000,0x00000007b05f0000,0x00000007b0e80000)
  to   space 10240K, 0% used [0x00000007afa80000,0x00000007afa80000,0x00000007b0480000)
 ParOldGen       total 314880K, used 280023K [0x0000000700000000, 0x0000000713380000, 0x00000007aaa80000)
  object space 314880K, 88% used [0x0000000700000000,0x0000000711175cd0,0x0000000713380000)
 PSPermGen       total 57856K, used 57686K [0x00000006fae00000, 0x00000006fe680000, 0x0000000700000000)
  object space 57856K, 99% used [0x00000006fae00000,0x00000006fe655a50,0x00000006fe680000)
Event: 16505.236 GC heap after
Heap after GC invocations=2755 (full 48):
 PSYoungGen      total 92160K, used 1376K [0x00000007aaa80000, 0x00000007b0e80000, 0x0000000800000000)
  eden space 81920K, 0% used [0x00000007aaa80000,0x00000007aaa80000,0x00000007afa80000)
  from space 10240K, 13% used [0x00000007afa80000,0x00000007afbd8000,0x00000007b0480000)
  to   space 9728K, 0% used [0x00000007b0500000,0x00000007b0500000,0x00000007b0e80000)
 ParOldGen       total 314880K, used 280055K [0x0000000700000000, 0x0000000713380000, 0x00000007aaa80000)
  object space 314880K, 88% used [0x0000000700000000,0x000000071117dcd0,0x0000000713380000)
 PSPermGen       total 57856K, used 57686K [0x00000006fae00000, 0x00000006fe680000, 0x0000000700000000)
  object space 57856K, 99% used [0x00000006fae00000,0x00000006fe655a50,0x00000006fe680000)
}
Event: 16513.195 GC heap before
{Heap before GC invocations=2756 (full 48):
 PSYoungGen      total 92160K, used 83296K [0x00000007aaa80000, 0x00000007b0e80000, 0x0000000800000000)
  eden space 81920K, 100% used [0x00000007aaa80000,0x00000007afa80000,0x00000007afa80000)
  from space 10240K, 13% used [0x00000007afa80000,0x00000007afbd8000,0x00000007b0480000)
  to   space 9728K, 0% used [0x00000007b0500000,0x00000007b0500000,0x00000007b0e80000)
 ParOldGen       total 314880K, used 280055K [0x0000000700000000, 0x0000000713380000, 0x00000007aaa80000)
  object space 314880K, 88% used [0x0000000700000000,0x000000071117dcd0,0x0000000713380000)
 PSPermGen       total 57856K, used 57686K [0x00000006fae00000, 0x00000006fe680000, 0x0000000700000000)
  object space 57856K, 99% used [0x00000006fae00000,0x00000006fe655a50,0x00000006fe680000)
Event: 16513.198 GC heap after
Heap after GC invocations=2756 (full 48):
 PSYoungGen      total 93184K, used 1408K [0x00000007aaa80000, 0x00000007b0e80000, 0x0000000800000000)
  eden space 83456K, 0% used [0x00000007aaa80000,0x00000007aaa80000,0x00000007afc00000)
  from space 9728K, 14% used [0x00000007b0500000,0x00000007b0660000,0x00000007b0e80000)
  to   space 9216K, 0% used [0x00000007afc00000,0x00000007afc00000,0x00000007b0500000)
 ParOldGen       total 314880K, used 280103K [0x0000000700000000, 0x0000000713380000, 0x00000007aaa80000)
  object space 314880K, 88% used [0x0000000700000000,0x0000000711189cd0,0x0000000713380000)
 PSPermGen       total 57856K, used 57686K [0x00000006fae00000, 0x00000006fe680000, 0x0000000700000000)
  object space 57856K, 99% used [0x00000006fae00000,0x00000006fe655a50,0x00000006fe680000)
}

