# JRE version: Java(TM) SE Runtime Environment (7.0_72-b14) (build 1.7.0_72-b14)
# Java VM: Java HotSpot(TM) 64-Bit Server VM (24.72-b04 mixed mode linux-amd64 compressed oops)
Heap
 PSYoungGen      total 941056K, used 250459K [0x00000007aaa80000, 0x00000007efc80000, 0x0000000800000000)
  eden space 935936K, 26% used [0x00000007aaa80000,0x00000007b9a49218,0x00000007e3c80000)
  from space 5120K, 96% used [0x00000007ef780000,0x00000007efc4dcf0,0x00000007efc80000)
  to   space 74752K, 0% used [0x00000007e6a80000,0x00000007e6a80000,0x00000007eb380000)
 ParOldGen       total 385024K, used 217090K [0x0000000700000000, 0x0000000717800000, 0x00000007aaa80000)
  object space 385024K, 56% used [0x0000000700000000,0x000000070d400ab8,0x0000000717800000)
 PSPermGen       total 83968K, used 53525K [0x00000006fae00000, 0x0000000700000000, 0x0000000700000000)
  object space 83968K, 63% used [0x00000006fae00000,0x00000006fe2457d0,0x0000000700000000)
GC Heap History (10 events):
Event: 404.454 GC heap before
{Heap before GC invocations=21 (full 1):
 PSYoungGen      total 1283072K, used 1182288K [0x00000007aaa80000, 0x00000007ffb00000, 0x0000000800000000)
  eden space 1180160K, 100% used [0x00000007aaa80000,0x00000007f2b00000,0x00000007f2b00000)
  from space 102912K, 2% used [0x00000007f2b00000,0x00000007f2d14010,0x00000007f8f80000)
  to   space 98816K, 0% used [0x00000007f9a80000,0x00000007f9a80000,0x00000007ffb00000)
 ParOldGen       total 385024K, used 217082K [0x0000000700000000, 0x0000000717800000, 0x00000007aaa80000)
  object space 385024K, 56% used [0x0000000700000000,0x000000070d3feab8,0x0000000717800000)
 PSPermGen       total 83968K, used 51786K [0x00000006fae00000, 0x0000000700000000, 0x0000000700000000)
  object space 83968K, 61% used [0x00000006fae00000,0x00000006fe092858,0x0000000700000000)
Event: 404.459 GC heap after
Heap after GC invocations=21 (full 1):
 PSYoungGen      total 1145856K, used 4292K [0x00000007aaa80000, 0x00000007fad80000, 0x0000000800000000)
  eden space 1126400K, 0% used [0x00000007aaa80000,0x00000007aaa80000,0x00000007ef680000)
  from space 19456K, 22% used [0x00000007f9a80000,0x00000007f9eb11a0,0x00000007fad80000)
  to   space 93696K, 0% used [0x00000007ef680000,0x00000007ef680000,0x00000007f5200000)
 ParOldGen       total 385024K, used 217082K [0x0000000700000000, 0x0000000717800000, 0x00000007aaa80000)
  object space 385024K, 56% used [0x0000000700000000,0x000000070d3feab8,0x0000000717800000)
 PSPermGen       total 83968K, used 51786K [0x00000006fae00000, 0x0000000700000000, 0x0000000700000000)
  object space 83968K, 61% used [0x00000006fae00000,0x00000006fe092858,0x0000000700000000)
}
Event: 670.540 GC heap before
{Heap before GC invocations=22 (full 1):
 PSYoungGen      total 1145856K, used 1130692K [0x00000007aaa80000, 0x00000007fad80000, 0x0000000800000000)
  eden space 1126400K, 100% used [0x00000007aaa80000,0x00000007ef680000,0x00000007ef680000)
  from space 19456K, 22% used [0x00000007f9a80000,0x00000007f9eb11a0,0x00000007fad80000)
  to   space 93696K, 0% used [0x00000007ef680000,0x00000007ef680000,0x00000007f5200000)
 ParOldGen       total 385024K, used 217082K [0x0000000700000000, 0x0000000717800000, 0x00000007aaa80000)
  object space 385024K, 56% used [0x0000000700000000,0x000000070d3feab8,0x0000000717800000)
 PSPermGen       total 83968K, used 53429K [0x00000006fae00000, 0x0000000700000000, 0x0000000700000000)
  object space 83968K, 63% used [0x00000006fae00000,0x00000006fe22d7d0,0x0000000700000000)
Event: 670.549 GC heap after
Heap after GC invocations=22 (full 1):
 PSYoungGen      total 1081344K, used 5741K [0x00000007aaa80000, 0x00000007f9b00000, 0x0000000800000000)
  eden space 1075200K, 0% used [0x00000007aaa80000,0x00000007aaa80000,0x00000007ec480000)
  from space 6144K, 93% used [0x00000007ef680000,0x00000007efc1b5b0,0x00000007efc80000)
  to   space 88576K, 0% used [0x00000007f4480000,0x00000007f4480000,0x00000007f9b00000)
 ParOldGen       total 385024K, used 217090K [0x0000000700000000, 0x0000000717800000, 0x00000007aaa80000)
  object space 385024K, 56% used [0x0000000700000000,0x000000070d400ab8,0x0000000717800000)
 PSPermGen       total 83968K, used 53429K [0x00000006fae00000, 0x0000000700000000, 0x0000000700000000)
  object space 83968K, 63% used [0x00000006fae00000,0x00000006fe22d7d0,0x0000000700000000)
}
Event: 923.039 GC heap before
{Heap before GC invocations=23 (full 1):
 PSYoungGen      total 1081344K, used 1080941K [0x00000007aaa80000, 0x00000007f9b00000, 0x0000000800000000)
  eden space 1075200K, 100% used [0x00000007aaa80000,0x00000007ec480000,0x00000007ec480000)
  from space 6144K, 93% used [0x00000007ef680000,0x00000007efc1b5b0,0x00000007efc80000)
  to   space 88576K, 0% used [0x00000007f4480000,0x00000007f4480000,0x00000007f9b00000)
 ParOldGen       total 385024K, used 217090K [0x0000000700000000, 0x0000000717800000, 0x00000007aaa80000)
  object space 385024K, 56% used [0x0000000700000000,0x000000070d400ab8,0x0000000717800000)
 PSPermGen       total 83968K, used 53446K [0x00000006fae00000, 0x0000000700000000, 0x0000000700000000)
  object space 83968K, 63% used [0x00000006fae00000,0x00000006fe231b50,0x0000000700000000)
Event: 923.054 GC heap after
Heap after GC invocations=23 (full 1):
 PSYoungGen      total 1031168K, used 4372K [0x00000007aaa80000, 0x00000007f4900000, 0x0000000800000000)
  eden space 1026560K, 0% used [0x00000007aaa80000,0x00000007aaa80000,0x00000007e9500000)
  from space 4608K, 94% used [0x00000007f4480000,0x00000007f48c51b0,0x00000007f4900000)
  to   space 83968K, 0% used [0x00000007ea500000,0x00000007ea500000,0x00000007ef700000)
 ParOldGen       total 385024K, used 217090K [0x0000000700000000, 0x0000000717800000, 0x00000007aaa80000)
  object space 385024K, 56% used [0x0000000700000000,0x000000070d400ab8,0x0000000717800000)
 PSPermGen       total 83968K, used 53446K [0x00000006fae00000, 0x0000000700000000, 0x0000000700000000)
  object space 83968K, 63% used [0x00000006fae00000,0x00000006fe231b50,0x0000000700000000)
}
Event: 1151.033 GC heap before
{Heap before GC invocations=24 (full 1):
 PSYoungGen      total 1031168K, used 1030932K [0x00000007aaa80000, 0x00000007f4900000, 0x0000000800000000)
  eden space 1026560K, 100% used [0x00000007aaa80000,0x00000007e9500000,0x00000007e9500000)
  from space 4608K, 94% used [0x00000007f4480000,0x00000007f48c51b0,0x00000007f4900000)
  to   space 83968K, 0% used [0x00000007ea500000,0x00000007ea500000,0x00000007ef700000)
 ParOldGen       total 385024K, used 217090K [0x0000000700000000, 0x0000000717800000, 0x00000007aaa80000)
  object space 385024K, 56% used [0x0000000700000000,0x000000070d400ab8,0x0000000717800000)
 PSPermGen       total 83968K, used 53465K [0x00000006fae00000, 0x0000000700000000, 0x0000000700000000)
  object space 83968K, 63% used [0x00000006fae00000,0x00000006fe236470,0x0000000700000000)
Event: 1151.039 GC heap after
Heap after GC invocations=24 (full 1):
 PSYoungGen      total 1063936K, used 4485K [0x00000007aaa80000, 0x00000007f4500000, 0x0000000800000000)
  eden space 979968K, 0% used [0x00000007aaa80000,0x00000007aaa80000,0x00000007e6780000)
  from space 83968K, 5% used [0x00000007ea500000,0x00000007ea961400,0x00000007ef700000)
  to   space 79360K, 0% used [0x00000007ef780000,0x00000007ef780000,0x00000007f4500000)
 ParOldGen       total 385024K, used 217090K [0x0000000700000000, 0x0000000717800000, 0x00000007aaa80000)
  object space 385024K, 56% used [0x0000000700000000,0x000000070d400ab8,0x0000000717800000)
 PSPermGen       total 83968K, used 53465K [0x00000006fae00000, 0x0000000700000000, 0x0000000700000000)
  object space 83968K, 63% used [0x00000006fae00000,0x00000006fe236470,0x0000000700000000)
}
Event: 1532.944 GC heap before
{Heap before GC invocations=25 (full 1):
 PSYoungGen      total 1063936K, used 984453K [0x00000007aaa80000, 0x00000007f4500000, 0x0000000800000000)
  eden space 979968K, 100% used [0x00000007aaa80000,0x00000007e6780000,0x00000007e6780000)
  from space 83968K, 5% used [0x00000007ea500000,0x00000007ea961400,0x00000007ef700000)
  to   space 79360K, 0% used [0x00000007ef780000,0x00000007ef780000,0x00000007f4500000)
 ParOldGen       total 385024K, used 217090K [0x0000000700000000, 0x0000000717800000, 0x00000007aaa80000)
  object space 385024K, 56% used [0x0000000700000000,0x000000070d400ab8,0x0000000717800000)
 PSPermGen       total 83968K, used 53513K [0x00000006fae00000, 0x0000000700000000, 0x0000000700000000)
  object space 83968K, 63% used [0x00000006fae00000,0x00000006fe242530,0x0000000700000000)
Event: 1532.964 GC heap after
Heap after GC invocations=25 (full 1):
 PSYoungGen      total 941056K, used 4919K [0x00000007aaa80000, 0x00000007efc80000, 0x0000000800000000)
  eden space 935936K, 0% used [0x00000007aaa80000,0x00000007aaa80000,0x00000007e3c80000)
  from space 5120K, 96% used [0x00000007ef780000,0x00000007efc4dcf0,0x00000007efc80000)
  to   space 74752K, 0% used [0x00000007e6a80000,0x00000007e6a80000,0x00000007eb380000)
 ParOldGen       total 385024K, used 217090K [0x0000000700000000, 0x0000000717800000, 0x00000007aaa80000)
  object space 385024K, 56% used [0x0000000700000000,0x000000070d400ab8,0x0000000717800000)
 PSPermGen       total 83968K, used 53513K [0x00000006fae00000, 0x0000000700000000, 0x0000000700000000)
  object space 83968K, 63% used [0x00000006fae00000,0x00000006fe242530,0x0000000700000000)
}

