# JRE version: Java(TM) SE Runtime Environment (7.0_72-b14) (build 1.7.0_72-b14)
# Java VM: Java HotSpot(TM) 64-Bit Server VM (24.72-b04 mixed mode linux-amd64 compressed oops)
Heap
 PSYoungGen      total 710144K, used 616230K [0x00000007aaa80000, 0x00000007dd800000, 0x0000000800000000)
  eden space 659968K, 85% used [0x00000007aaa80000,0x00000007cd395ab8,0x00000007d2f00000)
  from space 50176K, 99% used [0x00000007d5f80000,0x00000007d9033f10,0x00000007d9080000)
  to   space 73216K, 0% used [0x00000007d9080000,0x00000007d9080000,0x00000007dd800000)
 ParOldGen       total 369664K, used 303852K [0x0000000700000000, 0x0000000716900000, 0x00000007aaa80000)
  object space 369664K, 82% used [0x0000000700000000,0x00000007128bb108,0x0000000716900000)
 PSPermGen       total 78336K, used 55366K [0x00000006fae00000, 0x00000006ffa80000, 0x0000000700000000)
  object space 78336K, 70% used [0x00000006fae00000,0x00000006fe411af0,0x00000006ffa80000)
GC Heap History (10 events):
Event: 876.905 GC heap before
{Heap before GC invocations=32 (full 1):
 PSYoungGen      total 873984K, used 873887K [0x00000007aaa80000, 0x00000007eb480000, 0x0000000800000000)
  eden space 824320K, 100% used [0x00000007aaa80000,0x00000007dcf80000,0x00000007dcf80000)
  from space 49664K, 99% used [0x00000007e8400000,0x00000007eb467ce0,0x00000007eb480000)
  to   space 97280K, 0% used [0x00000007df680000,0x00000007df680000,0x00000007e5580000)
 ParOldGen       total 369664K, used 303396K [0x0000000700000000, 0x0000000716900000, 0x00000007aaa80000)
  object space 369664K, 82% used [0x0000000700000000,0x0000000712849100,0x0000000716900000)
 PSPermGen       total 78336K, used 55326K [0x00000006fae00000, 0x00000006ffa80000, 0x0000000700000000)
  object space 78336K, 70% used [0x00000006fae00000,0x00000006fe407998,0x00000006ffa80000)
Event: 876.931 GC heap after
Heap after GC invocations=32 (full 1):
 PSYoungGen      total 838144K, used 50111K [0x00000007aaa80000, 0x00000007e8480000, 0x0000000800000000)
  eden space 787968K, 0% used [0x00000007aaa80000,0x00000007aaa80000,0x00000007dac00000)
  from space 50176K, 99% used [0x00000007df680000,0x00000007e276ff20,0x00000007e2780000)
  to   space 94208K, 0% used [0x00000007e2880000,0x00000007e2880000,0x00000007e8480000)
 ParOldGen       total 369664K, used 303396K [0x0000000700000000, 0x0000000716900000, 0x00000007aaa80000)
  object space 369664K, 82% used [0x0000000700000000,0x0000000712849100,0x0000000716900000)
 PSPermGen       total 78336K, used 55326K [0x00000006fae00000, 0x00000006ffa80000, 0x0000000700000000)
  object space 78336K, 70% used [0x00000006fae00000,0x00000006fe407998,0x00000006ffa80000)
}
Event: 905.461 GC heap before
{Heap before GC invocations=33 (full 1):
 PSYoungGen      total 838144K, used 838079K [0x00000007aaa80000, 0x00000007e8480000, 0x0000000800000000)
  eden space 787968K, 100% used [0x00000007aaa80000,0x00000007dac00000,0x00000007dac00000)
  from space 50176K, 99% used [0x00000007df680000,0x00000007e276ff20,0x00000007e2780000)
  to   space 94208K, 0% used [0x00000007e2880000,0x00000007e2880000,0x00000007e8480000)
 ParOldGen       total 369664K, used 303396K [0x0000000700000000, 0x0000000716900000, 0x00000007aaa80000)
  object space 369664K, 82% used [0x0000000700000000,0x0000000712849100,0x0000000716900000)
 PSPermGen       total 78336K, used 55334K [0x00000006fae00000, 0x00000006ffa80000, 0x0000000700000000)
  object space 78336K, 70% used [0x00000006fae00000,0x00000006fe409930,0x00000006ffa80000)
Event: 905.484 GC heap after
Heap after GC invocations=33 (full 1):
 PSYoungGen      total 803840K, used 49695K [0x00000007aaa80000, 0x00000007e5980000, 0x0000000800000000)
  eden space 753664K, 0% used [0x00000007aaa80000,0x00000007aaa80000,0x00000007d8a80000)
  from space 50176K, 99% used [0x00000007e2880000,0x00000007e5907ce0,0x00000007e5980000)
  to   space 91648K, 0% used [0x00000007da680000,0x00000007da680000,0x00000007e0000000)
 ParOldGen       total 369664K, used 303460K [0x0000000700000000, 0x0000000716900000, 0x00000007aaa80000)
  object space 369664K, 82% used [0x0000000700000000,0x0000000712859100,0x0000000716900000)
 PSPermGen       total 78336K, used 55334K [0x00000006fae00000, 0x00000006ffa80000, 0x0000000700000000)
  object space 78336K, 70% used [0x00000006fae00000,0x00000006fe409930,0x00000006ffa80000)
}
Event: 932.415 GC heap before
{Heap before GC invocations=34 (full 1):
 PSYoungGen      total 803840K, used 803359K [0x00000007aaa80000, 0x00000007e5980000, 0x0000000800000000)
  eden space 753664K, 100% used [0x00000007aaa80000,0x00000007d8a80000,0x00000007d8a80000)
  from space 50176K, 99% used [0x00000007e2880000,0x00000007e5907ce0,0x00000007e5980000)
  to   space 91648K, 0% used [0x00000007da680000,0x00000007da680000,0x00000007e0000000)
 ParOldGen       total 369664K, used 303460K [0x0000000700000000, 0x0000000716900000, 0x00000007aaa80000)
  object space 369664K, 82% used [0x0000000700000000,0x0000000712859100,0x0000000716900000)
 PSPermGen       total 78336K, used 55342K [0x00000006fae00000, 0x00000006ffa80000, 0x0000000700000000)
  object space 78336K, 70% used [0x00000006fae00000,0x00000006fe40bac0,0x00000006ffa80000)
Event: 932.440 GC heap after
Heap after GC invocations=34 (full 1):
 PSYoungGen      total 771072K, used 50104K [0x00000007aaa80000, 0x00000007e2900000, 0x0000000800000000)
  eden space 720896K, 0% used [0x00000007aaa80000,0x00000007aaa80000,0x00000007d6a80000)
  from space 50176K, 99% used [0x00000007da680000,0x00000007dd76e380,0x00000007dd780000)
  to   space 83456K, 0% used [0x00000007dd780000,0x00000007dd780000,0x00000007e2900000)
 ParOldGen       total 369664K, used 303556K [0x0000000700000000, 0x0000000716900000, 0x00000007aaa80000)
  object space 369664K, 82% used [0x0000000700000000,0x0000000712871108,0x0000000716900000)
 PSPermGen       total 78336K, used 55342K [0x00000006fae00000, 0x00000006ffa80000, 0x0000000700000000)
  object space 78336K, 70% used [0x00000006fae00000,0x00000006fe40bac0,0x00000006ffa80000)
}
Event: 959.719 GC heap before
{Heap before GC invocations=35 (full 1):
 PSYoungGen      total 771072K, used 771000K [0x00000007aaa80000, 0x00000007e2900000, 0x0000000800000000)
  eden space 720896K, 100% used [0x00000007aaa80000,0x00000007d6a80000,0x00000007d6a80000)
  from space 50176K, 99% used [0x00000007da680000,0x00000007dd76e380,0x00000007dd780000)
  to   space 83456K, 0% used [0x00000007dd780000,0x00000007dd780000,0x00000007e2900000)
 ParOldGen       total 369664K, used 303556K [0x0000000700000000, 0x0000000716900000, 0x00000007aaa80000)
  object space 369664K, 82% used [0x0000000700000000,0x0000000712871108,0x0000000716900000)
 PSPermGen       total 78336K, used 55344K [0x00000006fae00000, 0x00000006ffa80000, 0x0000000700000000)
  object space 78336K, 70% used [0x00000006fae00000,0x00000006fe40c310,0x00000006ffa80000)
Event: 959.738 GC heap after
Heap after GC invocations=35 (full 1):
 PSYoungGen      total 739840K, used 50095K [0x00000007aaa80000, 0x00000007e0880000, 0x0000000800000000)
  eden space 689664K, 0% used [0x00000007aaa80000,0x00000007aaa80000,0x00000007d4c00000)
  from space 50176K, 99% used [0x00000007dd780000,0x00000007e086bcd0,0x00000007e0880000)
  to   space 86528K, 0% used [0x00000007d5f80000,0x00000007d5f80000,0x00000007db400000)
 ParOldGen       total 369664K, used 303700K [0x0000000700000000, 0x0000000716900000, 0x00000007aaa80000)
  object space 369664K, 82% used [0x0000000700000000,0x0000000712895108,0x0000000716900000)
 PSPermGen       total 78336K, used 55344K [0x00000006fae00000, 0x00000006ffa80000, 0x0000000700000000)
  object space 78336K, 70% used [0x00000006fae00000,0x00000006fe40c310,0x00000006ffa80000)
}
Event: 985.424 GC heap before
{Heap before GC invocations=36 (full 1):
 PSYoungGen      total 739840K, used 739759K [0x00000007aaa80000, 0x00000007e0880000, 0x0000000800000000)
  eden space 689664K, 100% used [0x00000007aaa80000,0x00000007d4c00000,0x00000007d4c00000)
  from space 50176K, 99% used [0x00000007dd780000,0x00000007e086bcd0,0x00000007e0880000)
  to   space 86528K, 0% used [0x00000007d5f80000,0x00000007d5f80000,0x00000007db400000)
 ParOldGen       total 369664K, used 303700K [0x0000000700000000, 0x0000000716900000, 0x00000007aaa80000)
  object space 369664K, 82% used [0x0000000700000000,0x0000000712895108,0x0000000716900000)
 PSPermGen       total 78336K, used 55354K [0x00000006fae00000, 0x00000006ffa80000, 0x0000000700000000)
  object space 78336K, 70% used [0x00000006fae00000,0x00000006fe40e9f0,0x00000006ffa80000)
Event: 985.447 GC heap after
Heap after GC invocations=36 (full 1):
 PSYoungGen      total 710144K, used 49871K [0x00000007aaa80000, 0x00000007dd800000, 0x0000000800000000)
  eden space 659968K, 0% used [0x00000007aaa80000,0x00000007aaa80000,0x00000007d2f00000)
  from space 50176K, 99% used [0x00000007d5f80000,0x00000007d9033f10,0x00000007d9080000)
  to   space 73216K, 0% used [0x00000007d9080000,0x00000007d9080000,0x00000007dd800000)
 ParOldGen       total 369664K, used 303852K [0x0000000700000000, 0x0000000716900000, 0x00000007aaa80000)
  object space 369664K, 82% used [0x0000000700000000,0x00000007128bb108,0x0000000716900000)
 PSPermGen       total 78336K, used 55354K [0x00000006fae00000, 0x00000006ffa80000, 0x0000000700000000)
  object space 78336K, 70% used [0x00000006fae00000,0x00000006fe40e9f0,0x00000006ffa80000)
}

